<?xml version="1.0" encoding="UTF-8"?>
<!-- Generated by org.testng.reporters.JUnitXMLReporter -->
<testsuite hostname="USER-PC" name="Test 2" tests="3" failures="0" timestamp="9 Oct 2015 09:44:37 GMT" time="0.271" errors="0">
  <testcase name="test2" time="0.091" classname="framework.datadriven.portfolioSuite.Test2">
    <skipped/>
  </testcase> <!-- test2 -->
  <testcase name="test2" time="0.061" classname="framework.datadriven.portfolioSuite.Test2">
    <skipped/>
  </testcase> <!-- test2 -->
  <testcase name="test2" time="0.063" classname="framework.datadriven.portfolioSuite.Test2">
    <skipped/>
  </testcase> <!-- test2 -->
</testsuite> <!-- Test 2 -->
