<?xml version="1.0" encoding="UTF-8"?>
<!-- Generated by org.testng.reporters.JUnitXMLReporter -->
<testsuite hostname="USER-PC" name="Command line test" tests="18" failures="1" timestamp="16 Oct 2015 18:13:45 GMT" time="244.999" errors="0">
  <testcase name="addStock" time="0.102" classname="framework.datadriven.stockSuite.AddStockTest">
    <skipped/>
  </testcase> <!-- addStock -->
  <testcase name="addStock" time="0.08" classname="framework.datadriven.stockSuite.AddStockTest">
    <skipped/>
  </testcase> <!-- addStock -->
  <testcase name="addStock" time="0.078" classname="framework.datadriven.stockSuite.AddStockTest">
    <skipped/>
  </testcase> <!-- addStock -->
  <testcase name="leastPerAssetTest" time="0.077" classname="framework.datadriven.portfolioSuite.LeastPerAssetTest">
    <skipped/>
  </testcase> <!-- leastPerAssetTest -->
  <testcase name="leastPerAssetTest" time="242.274" classname="framework.datadriven.portfolioSuite.LeastPerAssetTest">
    <failure type="java.lang.ArrayIndexOutOfBoundsException" message="1">
      <![CDATA[java.lang.ArrayIndexOutOfBoundsException: 1
	at framework.datadriven.portfolioSuite.LeastPerAssetTest.leastPerAssetTest(LeastPerAssetTest.java:34)
... Removed 34 stack frames]]>
    </failure>
  </testcase> <!-- leastPerAssetTest -->
  <testcase name="leastPerAssetTest" time="0.047" classname="framework.datadriven.portfolioSuite.LeastPerAssetTest">
    <skipped/>
  </testcase> <!-- leastPerAssetTest -->
  <testcase name="loginTest" time="0.047" classname="framework.datadriven.portfolioSuite.LoginTest">
    <skipped/>
  </testcase> <!-- loginTest -->
  <testcase name="loginTest" time="0.047" classname="framework.datadriven.portfolioSuite.LoginTest">
    <skipped/>
  </testcase> <!-- loginTest -->
  <testcase name="loginTest" time="0.047" classname="framework.datadriven.portfolioSuite.LoginTest">
    <skipped/>
  </testcase> <!-- loginTest -->
  <testcase name="test2" time="0.047" classname="framework.datadriven.stockSuite.Test2">
    <skipped/>
  </testcase> <!-- test2 -->
  <testcase name="test2" time="0.047" classname="framework.datadriven.stockSuite.Test2">
    <skipped/>
  </testcase> <!-- test2 -->
  <testcase name="test2" time="0.046" classname="framework.datadriven.stockSuite.Test2">
    <skipped/>
  </testcase> <!-- test2 -->
  <testcase name="test3" time="0.031" classname="framework.datadriven.portfolioSuite.Test3">
    <skipped/>
  </testcase> <!-- test3 -->
  <testcase name="test4" time="0.031" classname="framework.datadriven.portfolioSuite.Test4">
    <skipped/>
  </testcase> <!-- test4 -->
  <testcase name="test4" time="0.047" classname="framework.datadriven.portfolioSuite.Test4">
    <skipped/>
  </testcase> <!-- test4 -->
  <testcase name="test5" time="0.031" classname="framework.datadriven.portfolioSuite.Test5">
    <skipped/>
  </testcase> <!-- test5 -->
  <testcase name="test5" time="0.047" classname="framework.datadriven.portfolioSuite.Test5">
    <skipped/>
  </testcase> <!-- test5 -->
  <testcase name="test5" time="0.031" classname="framework.datadriven.portfolioSuite.Test5">
    <skipped/>
  </testcase> <!-- test5 -->
</testsuite> <!-- Command line test -->
