<?xml version="1.0" encoding="UTF-8"?>
<!-- Generated by org.testng.reporters.JUnitXMLReporter -->
<testsuite hostname="USER-PC" name="Test 2" tests="3" failures="0" timestamp="14 Oct 2015 18:48:39 GMT" time="0.137" errors="0">
  <testcase name="test2" time="0.033" classname="framework.datadriven.stockSuite.Test2">
    <skipped/>
  </testcase> <!-- test2 -->
  <testcase name="test2" time="0.037" classname="framework.datadriven.stockSuite.Test2">
    <skipped/>
  </testcase> <!-- test2 -->
  <testcase name="test2" time="0.037" classname="framework.datadriven.stockSuite.Test2">
    <skipped/>
  </testcase> <!-- test2 -->
</testsuite> <!-- Test 2 -->
