<?xml version="1.0" encoding="UTF-8"?>
<!-- Generated by org.testng.reporters.JUnitXMLReporter -->
<testsuite hostname="USER-PC" name="Test 1" tests="3" failures="0" timestamp="13 Oct 2015 18:43:02 GMT" time="0.213" errors="0">
  <testcase name="test1" time="0.063" classname="framework.datadriven.stockSuite.Test1">
    <skipped/>
  </testcase> <!-- test1 -->
  <testcase name="test1" time="0.044" classname="framework.datadriven.stockSuite.Test1">
    <skipped/>
  </testcase> <!-- test1 -->
  <testcase name="test1" time="0.054" classname="framework.datadriven.stockSuite.Test1">
    <skipped/>
  </testcase> <!-- test1 -->
</testsuite> <!-- Test 1 -->
