<?xml version="1.0" encoding="UTF-8"?>
<!-- Generated by org.testng.reporters.JUnitXMLReporter -->
<testsuite hostname="USER-PC" name="Test 2" tests="3" failures="0" timestamp="17 Oct 2015 10:55:34 GMT" time="0.118" errors="0">
  <testcase name="test2" time="0.03" classname="framework.datadriven.stockSuite.Test2">
    <skipped/>
  </testcase> <!-- test2 -->
  <testcase name="test2" time="0.03" classname="framework.datadriven.stockSuite.Test2">
    <skipped/>
  </testcase> <!-- test2 -->
  <testcase name="test2" time="0.035" classname="framework.datadriven.stockSuite.Test2">
    <skipped/>
  </testcase> <!-- test2 -->
</testsuite> <!-- Test 2 -->
